<?xml version="1.0" encoding="utf-8"?><testsuites name="pytest tests"><testsuite name="pytest" errors="0" failures="0" skipped="0" tests="20" time="4.277" timestamp="2026-05-23T19:31:18.196648+00:00" hostname="agent-env-cda05a63-5cfe-43fe-9508-2b77563f8b3a"><testcase classname="backend.tests.backend_test.TestHealth" name="test_root" time="0.252" /><testcase classname="backend.tests.backend_test.TestIdeasList" name="test_list_returns_29" time="0.082" /><testcase classname="backend.tests.backend_test.TestIdeasList" name="test_filter_featured_only" time="0.051" /><testcase classname="backend.tests.backend_test.TestIdeasList" name="test_filter_beginner_friendly" time="0.054" /><testcase classname="backend.tests.backend_test.TestIdeasList" name="test_filter_search_q" time="0.065" /><testcase classname="backend.tests.backend_test.TestIdeasList" name="test_filter_investment_bucket" time="0.055" /><testcase classname="backend.tests.backend_test.TestIdeasList" name="test_filter_sector_nonexistent_empty" time="0.051" /><testcase classname="backend.tests.backend_test.TestIdeasList" name="test_filter_execution_and_ideal_for" time="0.201" /><testcase classname="backend.tests.backend_test.TestFiltersFacets" name="test_filters_endpoint" time="0.059" /><testcase classname="backend.tests.backend_test.TestIdeaDetail" name="test_detail_full_schema[soil-testing-micro-lab]" time="0.050" /><testcase classname="backend.tests.backend_test.TestIdeaDetail" name="test_detail_full_schema[ai-automation-service]" time="0.053" /><testcase classname="backend.tests.backend_test.TestIdeaDetail" name="test_detail_not_found" time="0.055" /><testcase classname="backend.tests.backend_test.TestIdeaDetail" name="test_related" time="0.056" /><testcase classname="backend.tests.backend_test.TestAuthGating" name="test_saved_unauthenticated" time="0.052" /><testcase classname="backend.tests.backend_test.TestAuthGating" name="test_save_unauthenticated" time="0.055" /><testcase classname="backend.tests.backend_test.TestAuthGating" name="test_me_unauthenticated" time="0.066" /><testcase classname="backend.tests.backend_test.TestAuthFlow" name="test_me_with_bearer" time="1.213" /><testcase classname="backend.tests.backend_test.TestAuthFlow" name="test_save_toggle" time="0.233" /><testcase classname="backend.tests.backend_test.TestAuthFlow" name="test_save_invalid_slug" time="0.060" /><testcase classname="backend.tests.backend_test.TestLogout" name="test_logout_with_bearer_invalidates" time="1.323" /></testsuite></testsuites>